Wed Apr 16 17:33:33 UTC 2025
Thu Apr 17 13:18:31 UTC 2025
Fri Apr 18 13:15:32 UTC 2025
Sat Apr 19 13:02:32 UTC 2025
Sun Apr 20 13:05:48 UTC 2025
Mon Apr 21 13:17:16 UTC 2025
Tue Apr 22 13:35:03 UTC 2025
Wed Apr 23 13:35:49 UTC 2025
Thu Apr 24 13:36:40 UTC 2025
Fri Apr 25 13:18:42 UTC 2025
Sat Apr 26 13:04:03 UTC 2025
Sun Apr 27 13:04:23 UTC 2025
Mon Apr 28 13:49:51 UTC 2025
Tue Apr 29 13:44:41 UTC 2025
Wed Apr 30 13:34:43 UTC 2025
Thu May  1 13:17:54 UTC 2025
Fri May  2 13:18:50 UTC 2025
Sat May  3 13:05:18 UTC 2025
Sun May  4 13:13:42 UTC 2025
Mon May  5 13:36:06 UTC 2025
Tue May  6 13:39:34 UTC 2025
Wed May  7 13:42:50 UTC 2025
Thu May  8 13:35:16 UTC 2025
Fri May  9 13:35:12 UTC 2025
Sat May 10 13:05:12 UTC 2025
Sun May 11 13:13:28 UTC 2025
Mon May 12 13:41:43 UTC 2025
Tue May 13 13:43:22 UTC 2025
Wed May 14 13:37:42 UTC 2025
Thu May 15 13:37:20 UTC 2025
Fri May 16 13:36:54 UTC 2025
Sat May 17 13:13:32 UTC 2025
Sun May 18 12:29:06 UTC 2025
Mon May 19 12:33:50 UTC 2025
Tue May 20 12:34:11 UTC 2025
Wed May 21 12:32:49 UTC 2025
Thu May 22 12:33:36 UTC 2025
Fri May 23 12:31:57 UTC 2025
Sat May 24 12:28:54 UTC 2025
Sun May 25 12:29:10 UTC 2025
Mon May 26 12:31:57 UTC 2025
Tue May 27 12:33:22 UTC 2025
Wed May 28 12:33:36 UTC 2025
